<?xml version="1.0" encoding="UTF-8"?>
<!-- Generated by org.testng.reporters.JUnitReportReporter -->
<testsuite skipped="0" hostname="Nirvana" name="com.sdet.TC_Login_Test" tests="1" failures="0" timestamp="2021-12-15T15:48:49 EET" time="13.585" errors="0">
  <testcase name="login_Test" time="13.585" classname="com.sdet.TC_Login_Test"/>
  <system-out/>
</testsuite> <!-- com.sdet.TC_Login_Test -->
