<?xml version="1.0" encoding="UTF-8"?>
<!-- Generated by org.testng.reporters.JUnitReportReporter -->
<testsuite skipped="0" hostname="Nirvana" name="com.sdet.AppTest" tests="2" failures="0" timestamp="2021-12-08T00:21:37 EET" time="0.018" errors="0">
  <testcase name="testlogin2" time="0.001" classname="com.sdet.AppTest"/>
  <system-out/>
  <testcase name="testlogin1" time="0.017" classname="com.sdet.AppTest"/>
  <system-out/>
</testsuite> <!-- com.sdet.AppTest -->
